2022-05-19 23:12:52,956 INFO org.springframework.boot.web.embedded.tomcat.TomcatWebServer [restartedMain] Tomcat initialized with port(s): 9081 (http)
2022-05-19 23:12:52,974 INFO org.apache.juli.logging.DirectJDKLog [restartedMain] Initializing ProtocolHandler ["http-nio-9081"]
2022-05-19 23:12:52,975 INFO org.apache.juli.logging.DirectJDKLog [restartedMain] Starting service [Tomcat]
2022-05-19 23:12:52,976 INFO org.apache.juli.logging.DirectJDKLog [restartedMain] Starting Servlet engine: [Apache Tomcat/9.0.55]
2022-05-19 23:12:53,120 INFO org.apache.juli.logging.DirectJDKLog [restartedMain] Initializing Spring embedded WebApplicationContext
2022-05-19 23:12:53,125 INFO org.springframework.boot.web.servlet.context.ServletWebServerApplicationContext [restartedMain] Root WebApplicationContext: initialization completed in 2610 ms
2022-05-19 23:12:53,376 INFO org.hibernate.jpa.internal.util.LogHelper [restartedMain] HHH000204: Processing PersistenceUnitInfo [name: default]
2022-05-19 23:12:53,471 INFO org.hibernate.Version [restartedMain] HHH000412: Hibernate ORM core version 5.4.32.Final
2022-05-19 23:12:53,704 INFO org.hibernate.annotations.common.reflection.java.JavaReflectionManager [restartedMain] HCANN000001: Hibernate Commons Annotations {5.1.2.Final}
2022-05-19 23:12:53,898 INFO com.zaxxer.hikari.HikariDataSource [restartedMain] HikariPool-1 - Starting...
2022-05-19 23:12:54,268 INFO com.zaxxer.hikari.HikariDataSource [restartedMain] HikariPool-1 - Start completed.
2022-05-19 23:12:54,329 INFO org.hibernate.dialect.Dialect [restartedMain] HHH000400: Using dialect: org.hibernate.dialect.PostgreSQL10Dialect
2022-05-19 23:12:56,391 INFO org.hibernate.engine.transaction.jta.platform.internal.JtaPlatformInitiator [restartedMain] HHH000490: Using JtaPlatform implementation: [org.hibernate.engine.transaction.jta.platform.internal.NoJtaPlatform]
2022-05-19 23:12:56,405 INFO org.springframework.orm.jpa.AbstractEntityManagerFactoryBean [restartedMain] Initialized JPA EntityManagerFactory for persistence unit 'default'
2022-05-19 23:12:57,394 WARN org.springframework.context.support.AbstractApplicationContext [restartedMain] Exception encountered during context initialization - cancelling refresh attempt: org.springframework.beans.factory.UnsatisfiedDependencyException: Error creating bean with name 'personaController': Unsatisfied dependency expressed through field 'personaDAO'; nested exception is org.springframework.beans.factory.NoUniqueBeanDefinitionException: No qualifying bean of type 'com.ibm.academia.apirest.services.PersonaDAO' available: expected single matching bean but found 3: alumnoDAOImpl,empleadoDAOImpl,profesorDAOImpl
2022-05-19 23:12:57,397 INFO org.springframework.orm.jpa.AbstractEntityManagerFactoryBean [restartedMain] Closing JPA EntityManagerFactory for persistence unit 'default'
2022-05-19 23:12:57,401 INFO com.zaxxer.hikari.HikariDataSource [restartedMain] HikariPool-1 - Shutdown initiated...
2022-05-19 23:12:57,415 INFO com.zaxxer.hikari.HikariDataSource [restartedMain] HikariPool-1 - Shutdown completed.
2022-05-19 23:12:57,421 INFO org.apache.juli.logging.DirectJDKLog [restartedMain] Stopping service [Tomcat]
2022-05-19 23:12:57,459 INFO org.springframework.boot.autoconfigure.logging.ConditionEvaluationReportLoggingListener [restartedMain] 

Error starting ApplicationContext. To display the conditions report re-run your application with 'debug' enabled.
2022-05-19 23:12:57,489 ERROR org.springframework.boot.diagnostics.LoggingFailureAnalysisReporter [restartedMain] 

***************************
APPLICATION FAILED TO START
***************************

Description:

Field personaDAO in com.ibm.academia.apirest.controllers.PersonaController required a single bean, but 3 were found:
	- alumnoDAOImpl: defined in file [C:\Users\FCOPETE\Documents\ACADEMIA IBM\CODIGO\UniversidadesREST-main\target\classes\com\ibm\academia\apirest\services\AlumnoDAOImpl.class]
	- empleadoDAOImpl: defined in file [C:\Users\FCOPETE\Documents\ACADEMIA IBM\CODIGO\UniversidadesREST-main\target\classes\com\ibm\academia\apirest\services\EmpleadoDAOImpl.class]
	- profesorDAOImpl: defined in file [C:\Users\FCOPETE\Documents\ACADEMIA IBM\CODIGO\UniversidadesREST-main\target\classes\com\ibm\academia\apirest\services\ProfesorDAOImpl.class]


Action:

Consider marking one of the beans as @Primary, updating the consumer to accept multiple beans, or using @Qualifier to identify the bean that should be consumed

2022-05-19 23:15:27,256 INFO org.hibernate.validator.internal.util.Version [background-preinit] HV000001: Hibernate Validator 6.2.0.Final
2022-05-19 23:15:27,261 INFO org.springframework.boot.StartupInfoLogger [restartedMain] Starting UniversidadesRest1Application using Java 17.0.2 on LAPTOP-85ASA7L7 with PID 22512 (C:\Users\FCOPETE\Documents\ACADEMIA IBM\CODIGO\UniversidadesREST-main\target\classes started by FCOPETE in C:\Users\FCOPETE\Documents\ACADEMIA IBM\CODIGO\UniversidadesREST-main)
2022-05-19 23:15:27,262 INFO org.springframework.boot.SpringApplication [restartedMain] No active profile set, falling back to default profiles: default
2022-05-19 23:15:27,323 INFO org.springframework.boot.logging.DeferredLog [restartedMain] Devtools property defaults active! Set 'spring.devtools.add-properties' to 'false' to disable
2022-05-19 23:15:27,324 INFO org.springframework.boot.logging.DeferredLog [restartedMain] For additional web related logging consider setting the 'logging.level.web' property to 'DEBUG'
2022-05-19 23:15:28,613 INFO org.springframework.data.repository.config.RepositoryConfigurationDelegate [restartedMain] Bootstrapping Spring Data JPA repositories in DEFAULT mode.
2022-05-19 23:15:28,751 INFO org.springframework.data.repository.config.RepositoryConfigurationDelegate [restartedMain] Finished Spring Data repository scanning in 123 ms. Found 6 JPA repository interfaces.
2022-05-19 23:15:29,764 INFO org.springframework.boot.web.embedded.tomcat.TomcatWebServer [restartedMain] Tomcat initialized with port(s): 9081 (http)
2022-05-19 23:15:29,781 INFO org.apache.juli.logging.DirectJDKLog [restartedMain] Initializing ProtocolHandler ["http-nio-9081"]
2022-05-19 23:15:29,782 INFO org.apache.juli.logging.DirectJDKLog [restartedMain] Starting service [Tomcat]
2022-05-19 23:15:29,782 INFO org.apache.juli.logging.DirectJDKLog [restartedMain] Starting Servlet engine: [Apache Tomcat/9.0.55]
